15-Sep-2021 16:57:44.489 SEVERE [main] org.apache.catalina.startup.Catalina.stopServer Could not contact [localhost:8005] (base port [8005] and offset [0]). Tomcat may not be running.
15-Sep-2021 17:00:10.073 INFO [main] org.apache.catalina.startup.VersionLoggerListener.log Server version name:   Apache Tomcat/9.0.41
15-Sep-2021 17:00:10.093 INFO [main] org.apache.catalina.startup.VersionLoggerListener.log Server built:          Dec 3 2020 11:43:00 UTC
15-Sep-2021 17:00:10.094 INFO [main] org.apache.catalina.startup.VersionLoggerListener.log Server version number: 9.0.41.0
15-Sep-2021 17:00:10.094 INFO [main] org.apache.catalina.startup.VersionLoggerListener.log OS Name:               Windows 10
15-Sep-2021 17:00:10.096 INFO [main] org.apache.catalina.startup.VersionLoggerListener.log Версия ОС:             10.0
15-Sep-2021 17:00:10.099 INFO [main] org.apache.catalina.startup.VersionLoggerListener.log Архитектура:           amd64
15-Sep-2021 17:00:10.100 INFO [main] org.apache.catalina.startup.VersionLoggerListener.log Java Home:             D:\Java\jdk-11
15-Sep-2021 17:00:10.102 INFO [main] org.apache.catalina.startup.VersionLoggerListener.log Версия JVM:            11+28
15-Sep-2021 17:00:10.103 INFO [main] org.apache.catalina.startup.VersionLoggerListener.log JVM Vendor:            Oracle Corporation
15-Sep-2021 17:00:10.104 INFO [main] org.apache.catalina.startup.VersionLoggerListener.log CATALINA_BASE:         D:\Java\apache-tomcat-9.0.41
15-Sep-2021 17:00:10.105 INFO [main] org.apache.catalina.startup.VersionLoggerListener.log CATALINA_HOME:         D:\Java\apache-tomcat-9.0.41
15-Sep-2021 17:00:10.315 INFO [main] org.apache.catalina.startup.VersionLoggerListener.log Command line argument: --add-opens=java.base/java.lang=ALL-UNNAMED
15-Sep-2021 17:00:10.317 INFO [main] org.apache.catalina.startup.VersionLoggerListener.log Command line argument: --add-opens=java.base/java.io=ALL-UNNAMED
15-Sep-2021 17:00:10.318 INFO [main] org.apache.catalina.startup.VersionLoggerListener.log Command line argument: --add-opens=java.rmi/sun.rmi.transport=ALL-UNNAMED
15-Sep-2021 17:00:10.319 INFO [main] org.apache.catalina.startup.VersionLoggerListener.log Command line argument: -Djava.util.logging.config.file=D:\Java\apache-tomcat-9.0.41\conf\logging.properties
15-Sep-2021 17:00:10.321 INFO [main] org.apache.catalina.startup.VersionLoggerListener.log Command line argument: -Djava.util.logging.manager=org.apache.juli.ClassLoaderLogManager
15-Sep-2021 17:00:10.323 INFO [main] org.apache.catalina.startup.VersionLoggerListener.log Command line argument: -Djdk.tls.ephemeralDHKeySize=2048
15-Sep-2021 17:00:10.324 INFO [main] org.apache.catalina.startup.VersionLoggerListener.log Command line argument: -Djava.protocol.handler.pkgs=org.apache.catalina.webresources
15-Sep-2021 17:00:10.325 INFO [main] org.apache.catalina.startup.VersionLoggerListener.log Command line argument: -agentlib:jdwp=transport=dt_socket,server=y,suspend=n,address=*:5005
15-Sep-2021 17:00:10.327 INFO [main] org.apache.catalina.startup.VersionLoggerListener.log Command line argument: -Dignore.endorsed.dirs=
15-Sep-2021 17:00:10.328 INFO [main] org.apache.catalina.startup.VersionLoggerListener.log Command line argument: -Dcatalina.base=D:\Java\apache-tomcat-9.0.41
15-Sep-2021 17:00:10.330 INFO [main] org.apache.catalina.startup.VersionLoggerListener.log Command line argument: -Dcatalina.home=D:\Java\apache-tomcat-9.0.41
15-Sep-2021 17:00:10.332 INFO [main] org.apache.catalina.startup.VersionLoggerListener.log Command line argument: -Djava.io.tmpdir=D:\Java\apache-tomcat-9.0.41\temp
15-Sep-2021 17:00:10.357 INFO [main] org.apache.catalina.core.AprLifecycleListener.lifecycleEvent The Apache Tomcat Native library which allows using OpenSSL was not found on the java.library.path: [D:\Java\jdk-11\bin;C:\Windows\Sun\Java\bin;C:\Windows\system32;C:\Windows;C:\Windows\system32;C:\Windows;C:\Windows\System32\Wbem;C:\Windows\System32\WindowsPowerShell\v1.0\;C:\Windows\System32\OpenSSH\;C:\Program Files\Git\cmd;C:\Program Files\MySQL\MySQL Server 8.0\bin;D:\Java\nomad_1.1.3;C:\Program Files\PuTTY\;D:\Java\apache-maven-3.6.3\bin;C:\Users\Dina Maskalik\AppData\Local\Microsoft\WindowsApps;C:\Program Files\JetBrains\IntelliJ IDEA 2020.2.3\bin;;C:\Program Files\MySQL\MySQL Server 8.0\bin;C:\Program Files\JetBrains\WebStorm 2020.3.1\bin;;D:\Java\jdk-8\bin;D:\Java\apache-maven-3.6.3\bin;;D:\Java\jdk-11\bin;.]
15-Sep-2021 17:00:11.995 INFO [main] org.apache.coyote.AbstractProtocol.init Initializing ProtocolHandler ["http-nio-8080"]
15-Sep-2021 17:00:12.540 INFO [main] org.apache.catalina.startup.Catalina.load Server initialization in [3652] milliseconds
15-Sep-2021 17:00:12.706 INFO [main] org.apache.catalina.core.StandardService.startInternal Starting service [Catalina]
15-Sep-2021 17:00:12.706 INFO [main] org.apache.catalina.core.StandardEngine.startInternal Starting Servlet engine: [Apache Tomcat/9.0.41]
15-Sep-2021 17:00:12.780 INFO [main] org.apache.catalina.startup.HostConfig.deployWAR Deploying web application archive [D:\Java\apache-tomcat-9.0.41\webapps\syst.war]
15-Sep-2021 17:00:31.044 INFO [main] org.apache.jasper.servlet.TldScanner.scanJars At least one JAR was scanned for TLDs yet contained no TLDs. Enable debug logging for this logger for a complete list of JARs that were scanned but no TLDs were found in them. Skipping unneeded JARs during scanning can improve startup time and JSP compilation time.
15-Sep-2021 17:00:41.101 WARNING [main] org.apache.catalina.util.SessionIdGeneratorBase.createSecureRandom Creation of SecureRandom instance for session ID generation using [SHA1PRNG] took [700] milliseconds.
15-Sep-2021 17:00:45.595 INFO [main] org.hibernate.jpa.internal.util.LogHelper.logPersistenceUnitInformation HHH000204: Processing PersistenceUnitInfo [name: default]
15-Sep-2021 17:00:46.399 INFO [main] org.hibernate.Version.logVersion HHH000412: Hibernate ORM core version 5.4.27.Final
15-Sep-2021 17:00:48.545 INFO [main] org.hibernate.annotations.common.reflection.java.JavaReflectionManager.<clinit> HCANN000001: Hibernate Commons Annotations {5.1.2.Final}
15-Sep-2021 17:00:57.211 INFO [main] org.hibernate.dialect.Dialect.<init> HHH000400: Using dialect: org.hibernate.dialect.MySQL8Dialect
15-Sep-2021 17:01:00.552 WARN [main] org.hibernate.id.UUIDHexGenerator.<init> HHH000409: Using org.hibernate.id.UUIDHexGenerator which does not generate IETF RFC 4122 compliant UUID values; consider using org.hibernate.id.UUIDGenerator instead
15-Sep-2021 17:01:08.729 INFO [main] org.hibernate.engine.transaction.jta.platform.internal.JtaPlatformInitiator.initiateService HHH000490: Using JtaPlatform implementation: [org.hibernate.engine.transaction.jta.platform.internal.NoJtaPlatform]
15-Sep-2021 17:01:23.625 INFO [main] org.apache.catalina.startup.HostConfig.deployWAR Deployment of web application archive [D:\Java\apache-tomcat-9.0.41\webapps\syst.war] has finished in [70 844] ms
15-Sep-2021 17:01:23.638 INFO [main] org.apache.catalina.startup.HostConfig.deployDirectory Установка веб приложения в папку [D:\Java\apache-tomcat-9.0.41\webapps\docs]
15-Sep-2021 17:01:23.985 INFO [main] org.apache.catalina.startup.HostConfig.deployDirectory Deployment of web application directory [D:\Java\apache-tomcat-9.0.41\webapps\docs] has finished in [347] ms
15-Sep-2021 17:01:24.021 INFO [main] org.apache.catalina.startup.HostConfig.deployDirectory Установка веб приложения в папку [D:\Java\apache-tomcat-9.0.41\webapps\examples]
15-Sep-2021 17:01:31.844 INFO [main] org.apache.catalina.startup.HostConfig.deployDirectory Deployment of web application directory [D:\Java\apache-tomcat-9.0.41\webapps\examples] has finished in [7 823] ms
15-Sep-2021 17:01:31.898 INFO [main] org.apache.catalina.startup.HostConfig.deployDirectory Установка веб приложения в папку [D:\Java\apache-tomcat-9.0.41\webapps\host-manager]
15-Sep-2021 17:01:32.228 INFO [main] org.apache.catalina.startup.HostConfig.deployDirectory Deployment of web application directory [D:\Java\apache-tomcat-9.0.41\webapps\host-manager] has finished in [330] ms
15-Sep-2021 17:01:32.232 INFO [main] org.apache.catalina.startup.HostConfig.deployDirectory Установка веб приложения в папку [D:\Java\apache-tomcat-9.0.41\webapps\manager]
15-Sep-2021 17:01:32.695 INFO [main] org.apache.catalina.startup.HostConfig.deployDirectory Deployment of web application directory [D:\Java\apache-tomcat-9.0.41\webapps\manager] has finished in [462] ms
15-Sep-2021 17:01:32.715 INFO [main] org.apache.catalina.startup.HostConfig.deployDirectory Установка веб приложения в папку [D:\Java\apache-tomcat-9.0.41\webapps\ROOT]
15-Sep-2021 17:01:33.336 INFO [main] org.apache.catalina.startup.HostConfig.deployDirectory Deployment of web application directory [D:\Java\apache-tomcat-9.0.41\webapps\ROOT] has finished in [621] ms
15-Sep-2021 17:01:33.359 INFO [main] org.apache.coyote.AbstractProtocol.start Starting ProtocolHandler ["http-nio-8080"]
15-Sep-2021 17:01:33.455 INFO [main] org.apache.catalina.startup.Catalina.start Server startup in [80913] milliseconds
15-Sep-2021 17:02:00.092 INFO [http-nio-8080-exec-8] org.apache.catalina.startup.HostConfig.deployWAR Deploying web application archive [D:\Java\apache-tomcat-9.0.41\webapps\doc.war]
15-Sep-2021 17:02:16.086 INFO [http-nio-8080-exec-8] org.apache.jasper.servlet.TldScanner.scanJars At least one JAR was scanned for TLDs yet contained no TLDs. Enable debug logging for this logger for a complete list of JARs that were scanned but no TLDs were found in them. Skipping unneeded JARs during scanning can improve startup time and JSP compilation time.
15-Sep-2021 17:03:01.217 INFO [http-nio-8080-exec-8] org.apache.catalina.startup.HostConfig.deployWAR Deployment of web application archive [D:\Java\apache-tomcat-9.0.41\webapps\doc.war] has finished in [61 125] ms
