2021-03-05 21:03:06,217 INFO o.a.j.u.JMeterUtils: Setting Locale to en_EN
2021-03-05 21:03:06,284 INFO o.a.j.JMeter: Loading user properties from: D:\Java\apache-jmeter-5.4.1\bin\user.properties
2021-03-05 21:03:06,284 INFO o.a.j.JMeter: Loading system properties from: D:\Java\apache-jmeter-5.4.1\bin\system.properties
2021-03-05 21:03:06,292 INFO o.a.j.JMeter: Copyright (c) 1998-2021 The Apache Software Foundation
2021-03-05 21:03:06,292 INFO o.a.j.JMeter: Version 5.4.1
2021-03-05 21:03:06,292 INFO o.a.j.JMeter: java.version=11
2021-03-05 21:03:06,292 INFO o.a.j.JMeter: java.vm.name=OpenJDK 64-Bit Server VM
2021-03-05 21:03:06,292 INFO o.a.j.JMeter: os.name=Windows 10
2021-03-05 21:03:06,292 INFO o.a.j.JMeter: os.arch=amd64
2021-03-05 21:03:06,292 INFO o.a.j.JMeter: os.version=10.0
2021-03-05 21:03:06,292 INFO o.a.j.JMeter: file.encoding=Cp1251
2021-03-05 21:03:06,293 INFO o.a.j.JMeter: java.awt.headless=null
2021-03-05 21:03:06,293 INFO o.a.j.JMeter: Max memory     =1073741824
2021-03-05 21:03:06,293 INFO o.a.j.JMeter: Available Processors =8
2021-03-05 21:03:06,305 INFO o.a.j.JMeter: Default Locale=English (EN)
2021-03-05 21:03:06,305 INFO o.a.j.JMeter: JMeter  Locale=English (EN)
2021-03-05 21:03:06,306 INFO o.a.j.JMeter: JMeterHome=D:\Java\apache-jmeter-5.4.1
2021-03-05 21:03:06,306 INFO o.a.j.JMeter: user.dir  =D:\Java\apache-tomcat-9.0.41\bin
2021-03-05 21:03:06,306 INFO o.a.j.JMeter: PWD       =D:\Java\apache-tomcat-9.0.41\bin
2021-03-05 21:03:06,307 INFO o.a.j.JMeter: IP: 192.168.43.109 Name: LAPTOP-NVK9S1SL FullName: LAPTOP-NVK9S1SL
2021-03-05 21:03:06,590 INFO o.a.j.JMeter: Setting LAF to: com.github.weisj.darklaf.DarkLaf:com.github.weisj.darklaf.theme.DarculaTheme
2021-03-05 21:03:07,122 INFO o.a.j.JMeter: Loaded icon properties from org/apache/jmeter/images/icon.properties
2021-03-05 21:03:22,805 INFO o.a.j.p.h.s.HTTPSamplerBase: Parser for text/html is org.apache.jmeter.protocol.http.parser.LagartoBasedHtmlParser
2021-03-05 21:03:22,806 INFO o.a.j.p.h.s.HTTPSamplerBase: Parser for application/xhtml+xml is org.apache.jmeter.protocol.http.parser.LagartoBasedHtmlParser
2021-03-05 21:03:22,806 INFO o.a.j.p.h.s.HTTPSamplerBase: Parser for application/xml is org.apache.jmeter.protocol.http.parser.LagartoBasedHtmlParser
2021-03-05 21:03:22,807 INFO o.a.j.p.h.s.HTTPSamplerBase: Parser for text/xml is org.apache.jmeter.protocol.http.parser.LagartoBasedHtmlParser
2021-03-05 21:03:22,807 INFO o.a.j.p.h.s.HTTPSamplerBase: Parser for text/vnd.wap.wml is org.apache.jmeter.protocol.http.parser.RegexpHTMLParser
2021-03-05 21:03:22,807 INFO o.a.j.p.h.s.HTTPSamplerBase: Parser for text/css is org.apache.jmeter.protocol.http.parser.CssParser
2021-03-05 21:04:05,832 INFO o.a.j.s.SampleResult: Note: Sample TimeStamps are START times
2021-03-05 21:04:05,832 INFO o.a.j.s.SampleResult: sampleresult.default.encoding is set to ISO-8859-1
2021-03-05 21:04:05,832 INFO o.a.j.s.SampleResult: sampleresult.useNanoTime=true
2021-03-05 21:04:05,832 INFO o.a.j.s.SampleResult: sampleresult.nanoThreadSleep=5000
2021-03-05 21:04:05,982 INFO o.a.j.v.ViewResultsFullVisualizer: Add JavaFX to your Java installation if you want to use renderer: org.apache.jmeter.visualizers.RenderInBrowser
2021-03-05 21:04:41,237 INFO o.a.j.s.FileServer: Default base='D:\Java\apache-tomcat-9.0.41\bin'
2021-03-05 21:04:41,238 INFO o.a.j.s.FileServer: Set new base='D:\Java\apache-tomcat-9.0.41\bin'
2021-03-05 21:04:41,363 INFO o.a.j.s.SaveService: Testplan (JMX) version: 2.2. Testlog (JTL) version: 2.2
2021-03-05 21:04:41,374 INFO o.a.j.s.SaveService: Using SaveService properties version 5.0
2021-03-05 21:04:41,375 INFO o.a.j.s.SaveService: Using SaveService properties file encoding UTF-8
2021-03-05 21:04:41,402 INFO o.a.j.e.StandardJMeterEngine: Running the test!
2021-03-05 21:04:41,403 INFO o.a.j.s.SampleEvent: List of sample_variables: []
2021-03-05 21:04:41,404 INFO o.a.j.s.SampleEvent: List of sample_variables: []
2021-03-05 21:04:41,405 INFO o.a.j.e.u.CompoundVariable: Note: Function class names must contain the string: '.functions.'
2021-03-05 21:04:41,405 INFO o.a.j.e.u.CompoundVariable: Note: Function class names must not contain the string: '.gui.'
2021-03-05 21:04:41,625 INFO o.a.j.g.u.JMeterMenuBar: setRunning(true, *local*)
2021-03-05 21:04:41,649 INFO o.a.j.e.StandardJMeterEngine: Starting ThreadGroup: 1 : Thread Group
2021-03-05 21:04:41,649 INFO o.a.j.e.StandardJMeterEngine: Starting 1 threads for group Thread Group.
2021-03-05 21:04:41,649 INFO o.a.j.e.StandardJMeterEngine: Thread will continue on error
2021-03-05 21:04:41,649 INFO o.a.j.t.ThreadGroup: Starting thread group... number=1 threads=1 ramp-up=1 delayedStart=false
2021-03-05 21:04:41,654 INFO o.a.j.t.ThreadGroup: Started thread group number 1
2021-03-05 21:04:41,654 INFO o.a.j.e.StandardJMeterEngine: All thread groups have been started
2021-03-05 21:04:41,655 INFO o.a.j.t.JMeterThread: Thread started: Thread Group 1-1
2021-03-05 21:04:41,666 INFO o.a.j.p.h.s.HTTPHCAbstractImpl: Local host = LAPTOP-NVK9S1SL
2021-03-05 21:04:41,672 INFO o.a.j.p.h.s.HTTPHC4Impl: HTTP request retry count = 0
2021-03-05 21:04:50,121 INFO o.a.j.t.JMeterThread: Thread is done: Thread Group 1-1
2021-03-05 21:04:50,121 INFO o.a.j.t.JMeterThread: Thread finished: Thread Group 1-1
2021-03-05 21:04:50,123 INFO o.a.j.e.StandardJMeterEngine: Notifying test listeners of end of test
2021-03-05 21:04:50,123 INFO o.a.j.g.u.JMeterMenuBar: setRunning(false, *local*)
2021-03-05 21:05:46,170 INFO o.a.j.e.StandardJMeterEngine: Running the test!
2021-03-05 21:05:46,171 INFO o.a.j.s.SampleEvent: List of sample_variables: []
2021-03-05 21:05:46,173 INFO o.a.j.g.u.JMeterMenuBar: setRunning(true, *local*)
2021-03-05 21:05:46,200 INFO o.a.j.e.StandardJMeterEngine: Starting ThreadGroup: 1 : Thread Group
2021-03-05 21:05:46,200 INFO o.a.j.e.StandardJMeterEngine: Starting 1 threads for group Thread Group.
2021-03-05 21:05:46,200 INFO o.a.j.e.StandardJMeterEngine: Thread will continue on error
2021-03-05 21:05:46,200 INFO o.a.j.t.ThreadGroup: Starting thread group... number=1 threads=1 ramp-up=1 delayedStart=false
2021-03-05 21:05:46,201 INFO o.a.j.t.ThreadGroup: Started thread group number 1
2021-03-05 21:05:46,201 INFO o.a.j.e.StandardJMeterEngine: All thread groups have been started
2021-03-05 21:05:46,202 INFO o.a.j.t.JMeterThread: Thread started: Thread Group 1-1
2021-03-05 21:05:50,301 INFO o.a.j.t.JMeterThread: Thread is done: Thread Group 1-1
2021-03-05 21:05:50,301 INFO o.a.j.t.JMeterThread: Thread finished: Thread Group 1-1
2021-03-05 21:05:50,302 INFO o.a.j.e.StandardJMeterEngine: Notifying test listeners of end of test
2021-03-05 21:05:50,302 INFO o.a.j.g.u.JMeterMenuBar: setRunning(false, *local*)
2021-03-05 21:08:15,131 INFO o.a.j.e.StandardJMeterEngine: Running the test!
2021-03-05 21:08:15,132 INFO o.a.j.s.SampleEvent: List of sample_variables: []
2021-03-05 21:08:15,135 INFO o.a.j.g.u.JMeterMenuBar: setRunning(true, *local*)
2021-03-05 21:08:15,168 INFO o.a.j.e.StandardJMeterEngine: Starting ThreadGroup: 1 : Thread Group
2021-03-05 21:08:15,169 INFO o.a.j.e.StandardJMeterEngine: Starting 1 threads for group Thread Group.
2021-03-05 21:08:15,169 INFO o.a.j.e.StandardJMeterEngine: Thread will continue on error
2021-03-05 21:08:15,169 INFO o.a.j.t.ThreadGroup: Starting thread group... number=1 threads=1 ramp-up=1 delayedStart=false
2021-03-05 21:08:15,169 INFO o.a.j.t.ThreadGroup: Started thread group number 1
2021-03-05 21:08:15,169 INFO o.a.j.e.StandardJMeterEngine: All thread groups have been started
2021-03-05 21:08:15,171 INFO o.a.j.t.JMeterThread: Thread started: Thread Group 1-1
2021-03-05 21:08:15,425 INFO o.a.j.t.JMeterThread: Thread is done: Thread Group 1-1
2021-03-05 21:08:15,425 INFO o.a.j.t.JMeterThread: Thread finished: Thread Group 1-1
2021-03-05 21:08:15,426 INFO o.a.j.e.StandardJMeterEngine: Notifying test listeners of end of test
2021-03-05 21:08:15,426 INFO o.a.j.g.u.JMeterMenuBar: setRunning(false, *local*)
2021-03-05 21:10:52,153 INFO o.a.j.e.StandardJMeterEngine: Running the test!
2021-03-05 21:10:52,154 INFO o.a.j.s.SampleEvent: List of sample_variables: []
2021-03-05 21:10:52,158 INFO o.a.j.g.u.JMeterMenuBar: setRunning(true, *local*)
2021-03-05 21:10:52,189 INFO o.a.j.e.StandardJMeterEngine: Starting ThreadGroup: 1 : Thread Group
2021-03-05 21:10:52,189 INFO o.a.j.e.StandardJMeterEngine: Starting 1 threads for group Thread Group.
2021-03-05 21:10:52,190 INFO o.a.j.e.StandardJMeterEngine: Thread will continue on error
2021-03-05 21:10:52,190 INFO o.a.j.t.ThreadGroup: Starting thread group... number=1 threads=1 ramp-up=1 delayedStart=false
2021-03-05 21:10:52,191 INFO o.a.j.t.ThreadGroup: Started thread group number 1
2021-03-05 21:10:52,191 INFO o.a.j.e.StandardJMeterEngine: All thread groups have been started
2021-03-05 21:10:52,193 INFO o.a.j.t.JMeterThread: Thread started: Thread Group 1-1
2021-03-05 21:10:52,644 INFO o.a.j.t.JMeterThread: Thread is done: Thread Group 1-1
2021-03-05 21:10:52,644 INFO o.a.j.t.JMeterThread: Thread finished: Thread Group 1-1
2021-03-05 21:10:52,644 INFO o.a.j.e.StandardJMeterEngine: Notifying test listeners of end of test
2021-03-05 21:10:52,644 INFO o.a.j.g.u.JMeterMenuBar: setRunning(false, *local*)
2021-03-05 21:11:04,886 INFO o.a.j.e.StandardJMeterEngine: Running the test!
2021-03-05 21:11:04,887 INFO o.a.j.s.SampleEvent: List of sample_variables: []
2021-03-05 21:11:04,892 INFO o.a.j.g.u.JMeterMenuBar: setRunning(true, *local*)
2021-03-05 21:11:04,932 INFO o.a.j.e.StandardJMeterEngine: Starting ThreadGroup: 1 : Thread Group
2021-03-05 21:11:04,932 INFO o.a.j.e.StandardJMeterEngine: Starting 10 threads for group Thread Group.
2021-03-05 21:11:04,932 INFO o.a.j.e.StandardJMeterEngine: Thread will continue on error
2021-03-05 21:11:04,932 INFO o.a.j.t.ThreadGroup: Starting thread group... number=1 threads=10 ramp-up=1 delayedStart=false
2021-03-05 21:11:04,935 INFO o.a.j.t.JMeterThread: Thread started: Thread Group 1-1
2021-03-05 21:11:04,940 INFO o.a.j.t.ThreadGroup: Started thread group number 1
2021-03-05 21:11:04,940 INFO o.a.j.e.StandardJMeterEngine: All thread groups have been started
2021-03-05 21:11:05,036 INFO o.a.j.t.JMeterThread: Thread started: Thread Group 1-2
2021-03-05 21:11:05,133 INFO o.a.j.t.JMeterThread: Thread started: Thread Group 1-3
2021-03-05 21:11:05,235 INFO o.a.j.t.JMeterThread: Thread started: Thread Group 1-4
2021-03-05 21:11:05,324 INFO o.a.j.t.JMeterThread: Thread is done: Thread Group 1-1
2021-03-05 21:11:05,324 INFO o.a.j.t.JMeterThread: Thread finished: Thread Group 1-1
2021-03-05 21:11:05,332 INFO o.a.j.t.JMeterThread: Thread started: Thread Group 1-5
2021-03-05 21:11:05,433 INFO o.a.j.t.JMeterThread: Thread started: Thread Group 1-6
2021-03-05 21:11:05,435 INFO o.a.j.t.JMeterThread: Thread is done: Thread Group 1-2
2021-03-05 21:11:05,435 INFO o.a.j.t.JMeterThread: Thread finished: Thread Group 1-2
2021-03-05 21:11:05,533 INFO o.a.j.t.JMeterThread: Thread started: Thread Group 1-7
2021-03-05 21:11:05,596 INFO o.a.j.t.JMeterThread: Thread is done: Thread Group 1-3
2021-03-05 21:11:05,596 INFO o.a.j.t.JMeterThread: Thread finished: Thread Group 1-3
2021-03-05 21:11:05,613 INFO o.a.j.t.JMeterThread: Thread is done: Thread Group 1-4
2021-03-05 21:11:05,613 INFO o.a.j.t.JMeterThread: Thread finished: Thread Group 1-4
2021-03-05 21:11:05,633 INFO o.a.j.t.JMeterThread: Thread started: Thread Group 1-8
2021-03-05 21:11:05,733 INFO o.a.j.t.JMeterThread: Thread started: Thread Group 1-9
2021-03-05 21:11:05,833 INFO o.a.j.t.JMeterThread: Thread started: Thread Group 1-10
2021-03-05 21:12:05,379 INFO o.a.j.g.a.Start: Stopping test
2021-03-05 21:12:05,394 INFO o.a.j.t.JMeterThread: Stopping: Thread Group 1-6
2021-03-05 21:12:05,395 WARN o.a.j.t.JMeterThread: Interrupting: Thread Group 1-6 sampler: HTTP Request
2021-03-05 21:12:05,397 INFO o.a.j.t.JMeterThread: Stopping: Thread Group 1-7
2021-03-05 21:12:05,397 WARN o.a.j.t.JMeterThread: Interrupting: Thread Group 1-7 sampler: HTTP Request
2021-03-05 21:12:05,399 INFO o.a.j.t.JMeterThread: Stopping: Thread Group 1-10
2021-03-05 21:12:05,399 WARN o.a.j.t.JMeterThread: Interrupting: Thread Group 1-10 sampler: HTTP Request
2021-03-05 21:12:05,402 INFO o.a.j.t.JMeterThread: Thread finished: Thread Group 1-6
2021-03-05 21:12:05,402 INFO o.a.j.t.JMeterThread: Stopping: Thread Group 1-9
2021-03-05 21:12:05,403 WARN o.a.j.t.JMeterThread: Interrupting: Thread Group 1-9 sampler: HTTP Request
2021-03-05 21:12:05,404 INFO o.a.j.t.JMeterThread: Thread finished: Thread Group 1-7
2021-03-05 21:12:05,405 INFO o.a.j.t.JMeterThread: Stopping: Thread Group 1-5
2021-03-05 21:12:05,405 WARN o.a.j.t.JMeterThread: Interrupting: Thread Group 1-5 sampler: HTTP Request
2021-03-05 21:12:05,408 INFO o.a.j.t.JMeterThread: Thread finished: Thread Group 1-10
2021-03-05 21:12:05,408 INFO o.a.j.t.JMeterThread: Stopping: Thread Group 1-8
2021-03-05 21:12:05,408 WARN o.a.j.t.JMeterThread: Interrupting: Thread Group 1-8 sampler: HTTP Request
2021-03-05 21:12:05,410 INFO o.a.j.t.JMeterThread: Thread finished: Thread Group 1-9
2021-03-05 21:12:05,410 INFO o.a.j.t.JMeterThread: Thread is done: Thread Group 1-5
2021-03-05 21:12:05,410 INFO o.a.j.t.JMeterThread: Thread finished: Thread Group 1-5
2021-03-05 21:12:05,411 INFO o.a.j.t.JMeterThread: Thread finished: Thread Group 1-8
2021-03-05 21:12:05,411 INFO o.a.j.e.StandardJMeterEngine: Notifying test listeners of end of test
2021-03-05 21:12:05,412 INFO o.a.j.g.u.JMeterMenuBar: setRunning(false, *local*)
2021-03-05 21:15:04,403 INFO o.a.j.e.StandardJMeterEngine: Running the test!
2021-03-05 21:15:04,404 INFO o.a.j.s.SampleEvent: List of sample_variables: []
2021-03-05 21:15:04,405 INFO o.a.j.g.u.JMeterMenuBar: setRunning(true, *local*)
2021-03-05 21:15:04,450 INFO o.a.j.e.StandardJMeterEngine: Starting ThreadGroup: 1 : Thread Group
2021-03-05 21:15:04,451 INFO o.a.j.e.StandardJMeterEngine: Starting 10 threads for group Thread Group.
2021-03-05 21:15:04,451 INFO o.a.j.e.StandardJMeterEngine: Thread will continue on error
2021-03-05 21:15:04,451 INFO o.a.j.t.ThreadGroup: Starting thread group... number=1 threads=10 ramp-up=1 delayedStart=false
2021-03-05 21:15:04,452 INFO o.a.j.t.JMeterThread: Thread started: Thread Group 1-1
2021-03-05 21:15:04,455 INFO o.a.j.t.ThreadGroup: Started thread group number 1
2021-03-05 21:15:04,455 INFO o.a.j.e.StandardJMeterEngine: All thread groups have been started
2021-03-05 21:15:04,552 INFO o.a.j.t.JMeterThread: Thread started: Thread Group 1-2
2021-03-05 21:15:04,653 INFO o.a.j.t.JMeterThread: Thread started: Thread Group 1-3
2021-03-05 21:15:04,751 INFO o.a.j.t.JMeterThread: Thread started: Thread Group 1-4
2021-03-05 21:15:04,852 INFO o.a.j.t.JMeterThread: Thread started: Thread Group 1-5
2021-03-05 21:15:04,953 INFO o.a.j.t.JMeterThread: Thread started: Thread Group 1-6
2021-03-05 21:15:05,051 INFO o.a.j.t.JMeterThread: Thread started: Thread Group 1-7
2021-03-05 21:15:05,152 INFO o.a.j.t.JMeterThread: Thread started: Thread Group 1-8
2021-03-05 21:15:05,252 INFO o.a.j.t.JMeterThread: Thread started: Thread Group 1-9
2021-03-05 21:15:05,351 INFO o.a.j.t.JMeterThread: Thread started: Thread Group 1-10
2021-03-05 21:15:58,027 INFO o.a.j.g.a.Start: Stopping test
2021-03-05 21:15:58,038 INFO o.a.j.t.JMeterThread: Stopping: Thread Group 1-5
2021-03-05 21:15:58,039 WARN o.a.j.t.JMeterThread: Interrupting: Thread Group 1-5 sampler: HTTP Request
2021-03-05 21:15:58,041 INFO o.a.j.t.JMeterThread: Stopping: Thread Group 1-10
2021-03-05 21:15:58,041 WARN o.a.j.t.JMeterThread: Interrupting: Thread Group 1-10 sampler: HTTP Request
2021-03-05 21:15:58,044 INFO o.a.j.t.JMeterThread: Stopping: Thread Group 1-3
2021-03-05 21:15:58,044 INFO o.a.j.t.JMeterThread: Thread finished: Thread Group 1-5
2021-03-05 21:15:58,044 WARN o.a.j.t.JMeterThread: Interrupting: Thread Group 1-3 sampler: HTTP Request
2021-03-05 21:15:58,047 INFO o.a.j.t.JMeterThread: Stopping: Thread Group 1-6
2021-03-05 21:15:58,047 INFO o.a.j.t.JMeterThread: Thread finished: Thread Group 1-10
2021-03-05 21:15:58,047 WARN o.a.j.t.JMeterThread: Interrupting: Thread Group 1-6 sampler: HTTP Request
2021-03-05 21:15:58,050 INFO o.a.j.t.JMeterThread: Thread finished: Thread Group 1-3
2021-03-05 21:15:58,050 INFO o.a.j.t.JMeterThread: Stopping: Thread Group 1-7
2021-03-05 21:15:58,050 WARN o.a.j.t.JMeterThread: Interrupting: Thread Group 1-7 sampler: HTTP Request
2021-03-05 21:15:58,053 INFO o.a.j.t.JMeterThread: Stopping: Thread Group 1-2
2021-03-05 21:15:58,054 INFO o.a.j.t.JMeterThread: Thread finished: Thread Group 1-6
2021-03-05 21:15:58,054 WARN o.a.j.t.JMeterThread: Interrupting: Thread Group 1-2 sampler: HTTP Request
2021-03-05 21:15:58,056 INFO o.a.j.t.JMeterThread: Stopping: Thread Group 1-9
2021-03-05 21:15:58,056 WARN o.a.j.t.JMeterThread: Interrupting: Thread Group 1-9 sampler: HTTP Request
2021-03-05 21:15:58,056 INFO o.a.j.t.JMeterThread: Thread finished: Thread Group 1-7
2021-03-05 21:15:58,058 INFO o.a.j.t.JMeterThread: Stopping: Thread Group 1-1
2021-03-05 21:15:58,058 INFO o.a.j.t.JMeterThread: Thread finished: Thread Group 1-2
2021-03-05 21:15:58,058 WARN o.a.j.t.JMeterThread: Interrupting: Thread Group 1-1 sampler: HTTP Request
2021-03-05 21:15:58,059 INFO o.a.j.t.JMeterThread: Stopping: Thread Group 1-4
2021-03-05 21:15:58,060 INFO o.a.j.t.JMeterThread: Thread finished: Thread Group 1-9
2021-03-05 21:15:58,060 WARN o.a.j.t.JMeterThread: Interrupting: Thread Group 1-4 sampler: HTTP Request
2021-03-05 21:15:58,062 INFO o.a.j.t.JMeterThread: Stopping: Thread Group 1-8
2021-03-05 21:15:58,062 INFO o.a.j.t.JMeterThread: Thread finished: Thread Group 1-1
2021-03-05 21:15:58,062 WARN o.a.j.t.JMeterThread: Interrupting: Thread Group 1-8 sampler: HTTP Request
2021-03-05 21:15:58,063 INFO o.a.j.t.JMeterThread: Thread finished: Thread Group 1-4
2021-03-05 21:15:58,063 INFO o.a.j.t.JMeterThread: Thread finished: Thread Group 1-8
2021-03-05 21:15:58,064 INFO o.a.j.e.StandardJMeterEngine: Notifying test listeners of end of test
2021-03-05 21:15:58,064 INFO o.a.j.g.u.JMeterMenuBar: setRunning(false, *local*)
2021-03-05 21:15:59,796 INFO o.a.j.e.StandardJMeterEngine: Running the test!
2021-03-05 21:15:59,797 INFO o.a.j.s.SampleEvent: List of sample_variables: []
2021-03-05 21:15:59,797 INFO o.a.j.g.u.JMeterMenuBar: setRunning(true, *local*)
2021-03-05 21:15:59,800 INFO o.a.j.e.StandardJMeterEngine: Starting ThreadGroup: 1 : Thread Group
2021-03-05 21:15:59,800 INFO o.a.j.e.StandardJMeterEngine: Starting 10 threads for group Thread Group.
2021-03-05 21:15:59,800 INFO o.a.j.e.StandardJMeterEngine: Thread will continue on error
2021-03-05 21:15:59,801 INFO o.a.j.t.ThreadGroup: Starting thread group... number=1 threads=10 ramp-up=1 delayedStart=false
2021-03-05 21:15:59,802 INFO o.a.j.t.JMeterThread: Thread started: Thread Group 1-1
2021-03-05 21:15:59,805 INFO o.a.j.t.ThreadGroup: Started thread group number 1
2021-03-05 21:15:59,805 INFO o.a.j.e.StandardJMeterEngine: All thread groups have been started
2021-03-05 21:15:59,902 INFO o.a.j.t.JMeterThread: Thread started: Thread Group 1-2
2021-03-05 21:16:00,003 INFO o.a.j.t.JMeterThread: Thread started: Thread Group 1-3
2021-03-05 21:16:00,103 INFO o.a.j.t.JMeterThread: Thread started: Thread Group 1-4
2021-03-05 21:16:00,203 INFO o.a.j.t.JMeterThread: Thread started: Thread Group 1-5
2021-03-05 21:16:00,302 INFO o.a.j.t.JMeterThread: Thread started: Thread Group 1-6
2021-03-05 21:16:00,402 INFO o.a.j.t.JMeterThread: Thread started: Thread Group 1-7
2021-03-05 21:16:00,503 INFO o.a.j.t.JMeterThread: Thread started: Thread Group 1-8
2021-03-05 21:16:00,603 INFO o.a.j.t.JMeterThread: Thread started: Thread Group 1-9
2021-03-05 21:16:00,702 INFO o.a.j.t.JMeterThread: Thread started: Thread Group 1-10
2021-03-05 21:16:08,286 INFO o.a.j.g.a.Start: Shutting test down
2021-03-05 21:16:08,300 INFO o.a.j.t.JMeterThread: Stopping: Thread Group 1-7
2021-03-05 21:16:08,301 INFO o.a.j.t.JMeterThread: Stopping: Thread Group 1-1
2021-03-05 21:16:08,301 INFO o.a.j.t.JMeterThread: Stopping: Thread Group 1-2
2021-03-05 21:16:08,301 INFO o.a.j.t.JMeterThread: Stopping: Thread Group 1-3
2021-03-05 21:16:08,301 INFO o.a.j.t.JMeterThread: Stopping: Thread Group 1-5
2021-03-05 21:16:08,301 INFO o.a.j.t.JMeterThread: Stopping: Thread Group 1-4
2021-03-05 21:16:08,302 INFO o.a.j.t.JMeterThread: Stopping: Thread Group 1-6
2021-03-05 21:16:08,302 INFO o.a.j.t.JMeterThread: Stopping: Thread Group 1-9
2021-03-05 21:16:08,302 INFO o.a.j.t.JMeterThread: Stopping: Thread Group 1-10
2021-03-05 21:16:08,302 INFO o.a.j.t.JMeterThread: Stopping: Thread Group 1-8
2021-03-05 21:16:14,240 INFO o.a.j.g.a.Start: Stopping test
2021-03-05 21:16:14,251 INFO o.a.j.t.JMeterThread: Stopping: Thread Group 1-7
2021-03-05 21:16:14,252 WARN o.a.j.t.JMeterThread: Interrupting: Thread Group 1-7 sampler: HTTP Request
2021-03-05 21:16:14,254 INFO o.a.j.t.JMeterThread: Stopping: Thread Group 1-1
2021-03-05 21:16:14,254 WARN o.a.j.t.JMeterThread: Interrupting: Thread Group 1-1 sampler: HTTP Request
2021-03-05 21:16:14,256 INFO o.a.j.t.JMeterThread: Thread finished: Thread Group 1-7
2021-03-05 21:16:14,256 INFO o.a.j.t.JMeterThread: Stopping: Thread Group 1-2
2021-03-05 21:16:14,256 WARN o.a.j.t.JMeterThread: Interrupting: Thread Group 1-2 sampler: HTTP Request
2021-03-05 21:16:14,259 INFO o.a.j.t.JMeterThread: Stopping: Thread Group 1-3
2021-03-05 21:16:14,259 INFO o.a.j.t.JMeterThread: Thread finished: Thread Group 1-1
2021-03-05 21:16:14,259 WARN o.a.j.t.JMeterThread: Interrupting: Thread Group 1-3 sampler: HTTP Request
2021-03-05 21:16:14,261 INFO o.a.j.t.JMeterThread: Stopping: Thread Group 1-5
2021-03-05 21:16:14,262 INFO o.a.j.t.JMeterThread: Thread finished: Thread Group 1-2
2021-03-05 21:16:14,262 WARN o.a.j.t.JMeterThread: Interrupting: Thread Group 1-5 sampler: HTTP Request
2021-03-05 21:16:14,264 INFO o.a.j.t.JMeterThread: Stopping: Thread Group 1-4
2021-03-05 21:16:14,264 INFO o.a.j.t.JMeterThread: Thread finished: Thread Group 1-3
2021-03-05 21:16:14,264 WARN o.a.j.t.JMeterThread: Interrupting: Thread Group 1-4 sampler: HTTP Request
2021-03-05 21:16:14,266 INFO o.a.j.t.JMeterThread: Thread finished: Thread Group 1-5
2021-03-05 21:16:14,266 INFO o.a.j.t.JMeterThread: Stopping: Thread Group 1-6
2021-03-05 21:16:14,266 WARN o.a.j.t.JMeterThread: Interrupting: Thread Group 1-6 sampler: HTTP Request
2021-03-05 21:16:14,268 INFO o.a.j.t.JMeterThread: Thread finished: Thread Group 1-4
2021-03-05 21:16:14,268 INFO o.a.j.t.JMeterThread: Stopping: Thread Group 1-9
2021-03-05 21:16:14,268 WARN o.a.j.t.JMeterThread: Interrupting: Thread Group 1-9 sampler: HTTP Request
2021-03-05 21:16:14,269 INFO o.a.j.t.JMeterThread: Stopping: Thread Group 1-10
2021-03-05 21:16:14,269 INFO o.a.j.t.JMeterThread: Thread finished: Thread Group 1-6
2021-03-05 21:16:14,269 WARN o.a.j.t.JMeterThread: Interrupting: Thread Group 1-10 sampler: HTTP Request
2021-03-05 21:16:14,270 INFO o.a.j.t.JMeterThread: Thread finished: Thread Group 1-9
2021-03-05 21:16:14,270 INFO o.a.j.t.JMeterThread: Stopping: Thread Group 1-8
2021-03-05 21:16:14,270 WARN o.a.j.t.JMeterThread: Interrupting: Thread Group 1-8 sampler: HTTP Request
2021-03-05 21:16:14,271 INFO o.a.j.t.JMeterThread: Thread finished: Thread Group 1-10
2021-03-05 21:16:14,271 INFO o.a.j.t.JMeterThread: Thread finished: Thread Group 1-8
2021-03-05 21:16:14,272 INFO o.a.j.e.StandardJMeterEngine: Notifying test listeners of end of test
2021-03-05 21:16:14,272 INFO o.a.j.g.u.JMeterMenuBar: setRunning(false, *local*)
2021-03-05 21:16:18,088 INFO o.a.j.e.StandardJMeterEngine: Running the test!
2021-03-05 21:16:18,089 INFO o.a.j.s.SampleEvent: List of sample_variables: []
2021-03-05 21:16:18,089 INFO o.a.j.g.u.JMeterMenuBar: setRunning(true, *local*)
2021-03-05 21:16:18,127 INFO o.a.j.e.StandardJMeterEngine: Starting ThreadGroup: 1 : Thread Group
2021-03-05 21:16:18,128 INFO o.a.j.e.StandardJMeterEngine: Starting 10 threads for group Thread Group.
2021-03-05 21:16:18,128 INFO o.a.j.e.StandardJMeterEngine: Thread will continue on error
2021-03-05 21:16:18,128 INFO o.a.j.t.ThreadGroup: Starting thread group... number=1 threads=10 ramp-up=1 delayedStart=false
2021-03-05 21:16:18,129 INFO o.a.j.t.JMeterThread: Thread started: Thread Group 1-1
2021-03-05 21:16:18,131 INFO o.a.j.t.ThreadGroup: Started thread group number 1
2021-03-05 21:16:18,131 INFO o.a.j.e.StandardJMeterEngine: All thread groups have been started
2021-03-05 21:16:18,234 INFO o.a.j.t.JMeterThread: Thread started: Thread Group 1-2
2021-03-05 21:16:18,328 INFO o.a.j.t.JMeterThread: Thread started: Thread Group 1-3
2021-03-05 21:16:18,429 INFO o.a.j.t.JMeterThread: Thread started: Thread Group 1-4
2021-03-05 21:16:18,529 INFO o.a.j.t.JMeterThread: Thread started: Thread Group 1-5
2021-03-05 21:16:18,629 INFO o.a.j.t.JMeterThread: Thread started: Thread Group 1-6
2021-03-05 21:16:18,729 INFO o.a.j.t.JMeterThread: Thread started: Thread Group 1-7
2021-03-05 21:16:18,829 INFO o.a.j.t.JMeterThread: Thread started: Thread Group 1-8
2021-03-05 21:16:18,929 INFO o.a.j.t.JMeterThread: Thread started: Thread Group 1-9
2021-03-05 21:16:19,028 INFO o.a.j.t.JMeterThread: Thread started: Thread Group 1-10
2021-03-05 21:17:38,340 INFO o.a.j.g.a.Start: Stopping test
2021-03-05 21:17:38,350 INFO o.a.j.t.JMeterThread: Stopping: Thread Group 1-2
2021-03-05 21:17:38,351 WARN o.a.j.t.JMeterThread: Interrupting: Thread Group 1-2 sampler: HTTP Request
2021-03-05 21:17:38,352 INFO o.a.j.t.JMeterThread: Stopping: Thread Group 1-9
2021-03-05 21:17:38,353 WARN o.a.j.t.JMeterThread: Interrupting: Thread Group 1-9 sampler: HTTP Request
2021-03-05 21:17:38,354 INFO o.a.j.t.JMeterThread: Stopping: Thread Group 1-7
2021-03-05 21:17:38,354 INFO o.a.j.t.JMeterThread: Thread finished: Thread Group 1-2
2021-03-05 21:17:38,355 WARN o.a.j.t.JMeterThread: Interrupting: Thread Group 1-7 sampler: HTTP Request
2021-03-05 21:17:38,356 INFO o.a.j.t.JMeterThread: Thread finished: Thread Group 1-9
2021-03-05 21:17:38,356 INFO o.a.j.t.JMeterThread: Stopping: Thread Group 1-8
2021-03-05 21:17:38,357 WARN o.a.j.t.JMeterThread: Interrupting: Thread Group 1-8 sampler: HTTP Request
2021-03-05 21:17:38,358 INFO o.a.j.t.JMeterThread: Stopping: Thread Group 1-6
2021-03-05 21:17:38,358 INFO o.a.j.t.JMeterThread: Thread finished: Thread Group 1-7
2021-03-05 21:17:38,358 WARN o.a.j.t.JMeterThread: Interrupting: Thread Group 1-6 sampler: HTTP Request
2021-03-05 21:17:38,360 INFO o.a.j.t.JMeterThread: Stopping: Thread Group 1-10
2021-03-05 21:17:38,360 INFO o.a.j.t.JMeterThread: Thread finished: Thread Group 1-8
2021-03-05 21:17:38,360 WARN o.a.j.t.JMeterThread: Interrupting: Thread Group 1-10 sampler: HTTP Request
2021-03-05 21:17:38,362 INFO o.a.j.t.JMeterThread: Stopping: Thread Group 1-3
2021-03-05 21:17:38,362 WARN o.a.j.t.JMeterThread: Interrupting: Thread Group 1-3 sampler: HTTP Request
2021-03-05 21:17:38,362 INFO o.a.j.t.JMeterThread: Thread finished: Thread Group 1-6
2021-03-05 21:17:38,363 INFO o.a.j.t.JMeterThread: Stopping: Thread Group 1-5
2021-03-05 21:17:38,363 INFO o.a.j.t.JMeterThread: Thread finished: Thread Group 1-10
2021-03-05 21:17:38,364 WARN o.a.j.t.JMeterThread: Interrupting: Thread Group 1-5 sampler: HTTP Request
2021-03-05 21:17:38,364 INFO o.a.j.t.JMeterThread: Thread finished: Thread Group 1-3
2021-03-05 21:17:38,365 INFO o.a.j.t.JMeterThread: Stopping: Thread Group 1-1
2021-03-05 21:17:38,366 WARN o.a.j.t.JMeterThread: Interrupting: Thread Group 1-1 sampler: HTTP Request
2021-03-05 21:17:38,367 INFO o.a.j.t.JMeterThread: Stopping: Thread Group 1-4
2021-03-05 21:17:38,367 INFO o.a.j.t.JMeterThread: Thread finished: Thread Group 1-5
2021-03-05 21:17:38,367 WARN o.a.j.t.JMeterThread: Interrupting: Thread Group 1-4 sampler: HTTP Request
2021-03-05 21:17:38,368 INFO o.a.j.t.JMeterThread: Thread finished: Thread Group 1-1
2021-03-05 21:17:38,369 INFO o.a.j.t.JMeterThread: Thread finished: Thread Group 1-4
2021-03-05 21:17:38,370 INFO o.a.j.e.StandardJMeterEngine: Notifying test listeners of end of test
2021-03-05 21:17:38,370 INFO o.a.j.g.u.JMeterMenuBar: setRunning(false, *local*)
2021-03-05 21:17:39,885 INFO o.a.j.e.StandardJMeterEngine: Running the test!
2021-03-05 21:17:39,886 INFO o.a.j.s.SampleEvent: List of sample_variables: []
2021-03-05 21:17:39,886 INFO o.a.j.g.u.JMeterMenuBar: setRunning(true, *local*)
2021-03-05 21:17:39,895 INFO o.a.j.e.StandardJMeterEngine: Starting ThreadGroup: 1 : Thread Group
2021-03-05 21:17:39,896 INFO o.a.j.e.StandardJMeterEngine: Starting 10 threads for group Thread Group.
2021-03-05 21:17:39,896 INFO o.a.j.e.StandardJMeterEngine: Thread will continue on error
2021-03-05 21:17:39,896 INFO o.a.j.t.ThreadGroup: Starting thread group... number=1 threads=10 ramp-up=1 delayedStart=false
2021-03-05 21:17:39,897 INFO o.a.j.t.JMeterThread: Thread started: Thread Group 1-1
2021-03-05 21:17:39,899 INFO o.a.j.t.ThreadGroup: Started thread group number 1
2021-03-05 21:17:39,899 INFO o.a.j.e.StandardJMeterEngine: All thread groups have been started
2021-03-05 21:17:39,999 INFO o.a.j.t.JMeterThread: Thread started: Thread Group 1-2
2021-03-05 21:17:40,097 INFO o.a.j.t.JMeterThread: Thread started: Thread Group 1-3
2021-03-05 21:17:40,196 INFO o.a.j.t.JMeterThread: Thread started: Thread Group 1-4
2021-03-05 21:17:40,298 INFO o.a.j.t.JMeterThread: Thread started: Thread Group 1-5
2021-03-05 21:17:40,398 INFO o.a.j.t.JMeterThread: Thread started: Thread Group 1-6
2021-03-05 21:17:40,497 INFO o.a.j.t.JMeterThread: Thread started: Thread Group 1-7
2021-03-05 21:17:40,597 INFO o.a.j.t.JMeterThread: Thread started: Thread Group 1-8
2021-03-05 21:17:40,697 INFO o.a.j.t.JMeterThread: Thread started: Thread Group 1-9
2021-03-05 21:17:40,796 INFO o.a.j.t.JMeterThread: Thread started: Thread Group 1-10
2021-03-05 21:19:13,746 INFO o.a.j.g.a.Start: Stopping test
2021-03-05 21:19:13,760 INFO o.a.j.t.JMeterThread: Stopping: Thread Group 1-10
2021-03-05 21:19:13,760 WARN o.a.j.t.JMeterThread: Interrupting: Thread Group 1-10 sampler: HTTP Request
2021-03-05 21:19:13,762 INFO o.a.j.t.JMeterThread: Stopping: Thread Group 1-4
2021-03-05 21:19:13,762 WARN o.a.j.t.JMeterThread: Interrupting: Thread Group 1-4 sampler: HTTP Request
2021-03-05 21:19:13,764 INFO o.a.j.t.JMeterThread: Thread finished: Thread Group 1-10
2021-03-05 21:19:13,764 INFO o.a.j.t.JMeterThread: Stopping: Thread Group 1-6
2021-03-05 21:19:13,764 WARN o.a.j.t.JMeterThread: Interrupting: Thread Group 1-6 sampler: HTTP Request
2021-03-05 21:19:13,766 INFO o.a.j.t.JMeterThread: Stopping: Thread Group 1-2
2021-03-05 21:19:13,766 INFO o.a.j.t.JMeterThread: Thread finished: Thread Group 1-4
2021-03-05 21:19:13,767 WARN o.a.j.t.JMeterThread: Interrupting: Thread Group 1-2 sampler: HTTP Request
2021-03-05 21:19:13,768 INFO o.a.j.t.JMeterThread: Thread finished: Thread Group 1-6
2021-03-05 21:19:13,768 INFO o.a.j.t.JMeterThread: Stopping: Thread Group 1-1
2021-03-05 21:19:13,769 WARN o.a.j.t.JMeterThread: Interrupting: Thread Group 1-1 sampler: HTTP Request
2021-03-05 21:19:13,769 INFO o.a.j.t.JMeterThread: Stopping: Thread Group 1-9
2021-03-05 21:19:13,769 INFO o.a.j.t.JMeterThread: Thread finished: Thread Group 1-2
2021-03-05 21:19:13,770 WARN o.a.j.t.JMeterThread: Interrupting: Thread Group 1-9 sampler: HTTP Request
2021-03-05 21:19:13,771 INFO o.a.j.t.JMeterThread: Stopping: Thread Group 1-7
2021-03-05 21:19:13,771 INFO o.a.j.t.JMeterThread: Thread finished: Thread Group 1-1
2021-03-05 21:19:13,771 WARN o.a.j.t.JMeterThread: Interrupting: Thread Group 1-7 sampler: HTTP Request
2021-03-05 21:19:13,773 INFO o.a.j.t.JMeterThread: Stopping: Thread Group 1-8
2021-03-05 21:19:13,773 WARN o.a.j.t.JMeterThread: Interrupting: Thread Group 1-8 sampler: HTTP Request
2021-03-05 21:19:13,773 INFO o.a.j.t.JMeterThread: Thread finished: Thread Group 1-9
2021-03-05 21:19:13,774 INFO o.a.j.t.JMeterThread: Stopping: Thread Group 1-5
2021-03-05 21:19:13,775 WARN o.a.j.t.JMeterThread: Interrupting: Thread Group 1-5 sampler: HTTP Request
2021-03-05 21:19:13,775 INFO o.a.j.t.JMeterThread: Thread finished: Thread Group 1-7
2021-03-05 21:19:13,776 INFO o.a.j.t.JMeterThread: Thread finished: Thread Group 1-8
2021-03-05 21:19:13,776 INFO o.a.j.t.JMeterThread: Stopping: Thread Group 1-3
2021-03-05 21:19:13,776 WARN o.a.j.t.JMeterThread: Interrupting: Thread Group 1-3 sampler: HTTP Request
2021-03-05 21:19:13,778 INFO o.a.j.t.JMeterThread: Thread finished: Thread Group 1-5
2021-03-05 21:19:13,779 INFO o.a.j.t.JMeterThread: Thread finished: Thread Group 1-3
2021-03-05 21:19:13,779 INFO o.a.j.e.StandardJMeterEngine: Notifying test listeners of end of test
2021-03-05 21:19:13,779 INFO o.a.j.g.u.JMeterMenuBar: setRunning(false, *local*)
2021-03-05 21:19:21,707 INFO o.a.j.e.StandardJMeterEngine: Running the test!
2021-03-05 21:19:21,707 INFO o.a.j.s.SampleEvent: List of sample_variables: []
2021-03-05 21:19:21,708 INFO o.a.j.g.u.JMeterMenuBar: setRunning(true, *local*)
2021-03-05 21:19:21,745 INFO o.a.j.e.StandardJMeterEngine: Starting ThreadGroup: 1 : Thread Group
2021-03-05 21:19:21,745 INFO o.a.j.e.StandardJMeterEngine: Starting 1 threads for group Thread Group.
2021-03-05 21:19:21,745 INFO o.a.j.e.StandardJMeterEngine: Thread will continue on error
2021-03-05 21:19:21,746 INFO o.a.j.t.ThreadGroup: Starting thread group... number=1 threads=1 ramp-up=1 delayedStart=false
2021-03-05 21:19:21,746 INFO o.a.j.t.ThreadGroup: Started thread group number 1
2021-03-05 21:19:21,746 INFO o.a.j.e.StandardJMeterEngine: All thread groups have been started
2021-03-05 21:19:21,746 INFO o.a.j.t.JMeterThread: Thread started: Thread Group 1-1
2021-03-05 21:19:32,019 INFO o.a.j.g.a.Start: Shutting test down
2021-03-05 21:19:32,031 INFO o.a.j.t.JMeterThread: Stopping: Thread Group 1-1
2021-03-05 21:19:45,936 INFO o.a.j.t.JMeterThread: Thread is done: Thread Group 1-1
2021-03-05 21:19:45,936 INFO o.a.j.t.JMeterThread: Thread finished: Thread Group 1-1
2021-03-05 21:19:45,937 INFO o.a.j.e.StandardJMeterEngine: Notifying test listeners of end of test
2021-03-05 21:19:45,937 INFO o.a.j.g.u.JMeterMenuBar: setRunning(false, *local*)
2021-03-05 21:20:13,750 INFO o.a.j.e.StandardJMeterEngine: Running the test!
2021-03-05 21:20:13,750 INFO o.a.j.s.SampleEvent: List of sample_variables: []
2021-03-05 21:20:13,751 INFO o.a.j.g.u.JMeterMenuBar: setRunning(true, *local*)
2021-03-05 21:20:13,790 INFO o.a.j.e.StandardJMeterEngine: Starting ThreadGroup: 1 : Thread Group
2021-03-05 21:20:13,790 INFO o.a.j.e.StandardJMeterEngine: Starting 1 threads for group Thread Group.
2021-03-05 21:20:13,790 INFO o.a.j.e.StandardJMeterEngine: Thread will continue on error
2021-03-05 21:20:13,790 INFO o.a.j.t.ThreadGroup: Starting thread group... number=1 threads=1 ramp-up=1 delayedStart=false
2021-03-05 21:20:13,791 INFO o.a.j.t.ThreadGroup: Started thread group number 1
2021-03-05 21:20:13,791 INFO o.a.j.e.StandardJMeterEngine: All thread groups have been started
2021-03-05 21:20:13,791 INFO o.a.j.t.JMeterThread: Thread started: Thread Group 1-1
2021-03-05 21:20:14,436 INFO o.a.j.t.JMeterThread: Thread is done: Thread Group 1-1
2021-03-05 21:20:14,436 INFO o.a.j.t.JMeterThread: Thread finished: Thread Group 1-1
2021-03-05 21:20:14,437 INFO o.a.j.e.StandardJMeterEngine: Notifying test listeners of end of test
2021-03-05 21:20:14,437 INFO o.a.j.g.u.JMeterMenuBar: setRunning(false, *local*)
2021-03-05 21:20:26,781 INFO o.a.j.e.StandardJMeterEngine: Running the test!
2021-03-05 21:20:26,781 INFO o.a.j.s.SampleEvent: List of sample_variables: []
2021-03-05 21:20:26,783 INFO o.a.j.g.u.JMeterMenuBar: setRunning(true, *local*)
2021-03-05 21:20:26,818 INFO o.a.j.e.StandardJMeterEngine: Starting ThreadGroup: 1 : Thread Group
2021-03-05 21:20:26,818 INFO o.a.j.e.StandardJMeterEngine: Starting 10 threads for group Thread Group.
2021-03-05 21:20:26,818 INFO o.a.j.e.StandardJMeterEngine: Thread will continue on error
2021-03-05 21:20:26,819 INFO o.a.j.t.ThreadGroup: Starting thread group... number=1 threads=10 ramp-up=5 delayedStart=false
2021-03-05 21:20:26,820 INFO o.a.j.t.JMeterThread: Thread started: Thread Group 1-1
2021-03-05 21:20:26,821 INFO o.a.j.t.ThreadGroup: Started thread group number 1
2021-03-05 21:20:26,821 INFO o.a.j.e.StandardJMeterEngine: All thread groups have been started
2021-03-05 21:20:27,333 INFO o.a.j.t.JMeterThread: Thread started: Thread Group 1-2
2021-03-05 21:20:27,535 INFO o.a.j.t.JMeterThread: Thread is done: Thread Group 1-1
2021-03-05 21:20:27,535 INFO o.a.j.t.JMeterThread: Thread finished: Thread Group 1-1
2021-03-05 21:20:27,824 INFO o.a.j.t.JMeterThread: Thread started: Thread Group 1-3
2021-03-05 21:20:28,107 INFO o.a.j.t.JMeterThread: Thread is done: Thread Group 1-2
2021-03-05 21:20:28,107 INFO o.a.j.t.JMeterThread: Thread finished: Thread Group 1-2
2021-03-05 21:20:28,319 INFO o.a.j.t.JMeterThread: Thread started: Thread Group 1-4
2021-03-05 21:20:28,819 INFO o.a.j.t.JMeterThread: Thread started: Thread Group 1-5
2021-03-05 21:20:29,320 INFO o.a.j.t.JMeterThread: Thread started: Thread Group 1-6
2021-03-05 21:20:29,820 INFO o.a.j.t.JMeterThread: Thread started: Thread Group 1-7
2021-03-05 21:20:30,321 INFO o.a.j.t.JMeterThread: Thread started: Thread Group 1-8
2021-03-05 21:20:30,819 INFO o.a.j.t.JMeterThread: Thread started: Thread Group 1-9
2021-03-05 21:20:31,319 INFO o.a.j.t.JMeterThread: Thread started: Thread Group 1-10
2021-03-05 21:21:35,009 INFO o.a.j.g.a.Start: Stopping test
2021-03-05 21:21:35,020 INFO o.a.j.t.JMeterThread: Stopping: Thread Group 1-5
2021-03-05 21:21:35,020 WARN o.a.j.t.JMeterThread: Interrupting: Thread Group 1-5 sampler: HTTP Request
2021-03-05 21:21:35,022 INFO o.a.j.t.JMeterThread: Stopping: Thread Group 1-3
2021-03-05 21:21:35,022 WARN o.a.j.t.JMeterThread: Interrupting: Thread Group 1-3 sampler: HTTP Request
2021-03-05 21:21:35,023 INFO o.a.j.t.JMeterThread: Stopping: Thread Group 1-6
2021-03-05 21:21:35,023 WARN o.a.j.t.JMeterThread: Interrupting: Thread Group 1-6 sampler: HTTP Request
2021-03-05 21:21:35,023 INFO o.a.j.t.JMeterThread: Thread finished: Thread Group 1-5
2021-03-05 21:21:35,025 INFO o.a.j.t.JMeterThread: Stopping: Thread Group 1-7
2021-03-05 21:21:35,025 WARN o.a.j.t.JMeterThread: Interrupting: Thread Group 1-7 sampler: HTTP Request
2021-03-05 21:21:35,025 INFO o.a.j.t.JMeterThread: Thread finished: Thread Group 1-3
2021-03-05 21:21:35,026 INFO o.a.j.t.JMeterThread: Stopping: Thread Group 1-8
2021-03-05 21:21:35,026 WARN o.a.j.t.JMeterThread: Interrupting: Thread Group 1-8 sampler: HTTP Request
2021-03-05 21:21:35,026 INFO o.a.j.t.JMeterThread: Thread finished: Thread Group 1-6
2021-03-05 21:21:35,028 INFO o.a.j.t.JMeterThread: Stopping: Thread Group 1-10
2021-03-05 21:21:35,028 WARN o.a.j.t.JMeterThread: Interrupting: Thread Group 1-10 sampler: HTTP Request
2021-03-05 21:21:35,029 INFO o.a.j.t.JMeterThread: Thread finished: Thread Group 1-7
2021-03-05 21:21:35,030 INFO o.a.j.t.JMeterThread: Thread finished: Thread Group 1-8
2021-03-05 21:21:35,030 INFO o.a.j.t.JMeterThread: Stopping: Thread Group 1-4
2021-03-05 21:21:35,031 WARN o.a.j.t.JMeterThread: Interrupting: Thread Group 1-4 sampler: HTTP Request
2021-03-05 21:21:35,032 INFO o.a.j.t.JMeterThread: Stopping: Thread Group 1-9
2021-03-05 21:21:35,032 INFO o.a.j.t.JMeterThread: Thread finished: Thread Group 1-10
2021-03-05 21:21:35,032 WARN o.a.j.t.JMeterThread: Interrupting: Thread Group 1-9 sampler: HTTP Request
2021-03-05 21:21:35,033 INFO o.a.j.t.JMeterThread: Thread finished: Thread Group 1-4
2021-03-05 21:21:35,033 INFO o.a.j.t.JMeterThread: Thread finished: Thread Group 1-9
2021-03-05 21:21:35,035 INFO o.a.j.e.StandardJMeterEngine: Notifying test listeners of end of test
2021-03-05 21:21:35,035 INFO o.a.j.g.u.JMeterMenuBar: setRunning(false, *local*)
